-------------------------------------------------------------------------------
Test set: login  feature
-------------------------------------------------------------------------------
Tests run: 1, Failures: 1, Errors: 0, Skipped: 0, Time elapsed: 54.104 s <<< FAILURE! - in login  feature
Validate user login with different credentials #1(login  feature)  Time elapsed: 54.104 s  <<< FAILURE!
java.lang.AssertionError

